C:\USERS\김현진\DESKTOP\게임\게임\게임\DEBUG\CRUSH.OBJ
C:\USERS\김현진\DESKTOP\게임\게임\게임\DEBUG\DIRECTX.OBJ
C:\USERS\김현진\DESKTOP\게임\게임\게임\DEBUG\LOADING.OBJ
C:\USERS\김현진\DESKTOP\게임\게임\게임\DEBUG\MOVE.OBJ
C:\USERS\김현진\DESKTOP\게임\게임\게임\DEBUG\SETMAP.OBJ
C:\USERS\김현진\DESKTOP\게임\게임\게임\DEBUG\TEST.OBJ
C:\USERS\김현진\DESKTOP\게임\게임\게임\DEBUG\OBSTACLE.OBJ
C:\USERS\김현진\DESKTOP\게임\게임\게임\DEBUG\VC110.PDB
C:\USERS\김현진\DESKTOP\게임\게임\게임\DEBUG\DARK.OBJ
C:\Users\김현진\Desktop\게임\게임\게임\Debug\crush.obj
C:\Users\김현진\Desktop\게임\게임\게임\Debug\dark.obj
C:\Users\김현진\Desktop\게임\게임\게임\Debug\directX.obj
C:\Users\김현진\Desktop\게임\게임\게임\Debug\loading.obj
C:\Users\김현진\Desktop\게임\게임\게임\Debug\move.obj
C:\Users\김현진\Desktop\게임\게임\게임\Debug\obstacle.obj
C:\Users\김현진\Desktop\게임\게임\게임\Debug\Setmap.obj
C:\Users\김현진\Desktop\게임\게임\게임\Debug\test.obj
C:\Users\김현진\Desktop\게임\게임\게임\Debug\cl.command.1.tlog
C:\Users\김현진\Desktop\게임\게임\게임\Debug\CL.read.1.tlog
C:\Users\김현진\Desktop\게임\게임\게임\Debug\CL.write.1.tlog
C:\Users\김현진\Desktop\게임\게임\게임\Debug\link-cvtres.read.1.tlog
C:\Users\김현진\Desktop\게임\게임\게임\Debug\link-cvtres.write.1.tlog
C:\Users\김현진\Desktop\게임\게임\게임\Debug\link-rc.read.1.tlog
C:\Users\김현진\Desktop\게임\게임\게임\Debug\link-rc.write.1.tlog
C:\Users\김현진\Desktop\게임\게임\게임\Debug\link.command.1.tlog
C:\Users\김현진\Desktop\게임\게임\게임\Debug\link.read.1.tlog
C:\Users\김현진\Desktop\게임\게임\게임\Debug\link.write.1.tlog
C:\Users\김현진\Desktop\게임\게임\게임\Debug\vc110.idb
C:\Users\김현진\Desktop\게임\게임\게임\Debug\vc110.pdb
C:\Users\김현진\Desktop\게임\게임\Debug\게임.pdb
