빌드 시작: 2014-05-18 오후 12:24:56
2 노드의 "C:\Users\김현진\Desktop\개발\개인프로젝트게임\게임\게임\게임.vcxproj" 프로젝트(Build 대상)입니다.
ClCompile:
  C:\Program Files (x86)\Microsoft Visual Studio 11.0\VC\bin\CL.exe /c /ZI /nologo /W3 /WX- /Od /Oy- /D WIN32 /D _DEBUG /D _WINDOWS /D _MBCS /Gm /EHsc /RTC1 /MDd /GS /fp:precise /Zc:wchar_t /Zc:forScope /Fo"Debug\\" /Fd"Debug\vc110.pdb" /Gd /TP /analyze- /errorReport:prompt directX.cpp move.cpp
  move.cpp
  directX.cpp
  코드를 생성하고 있습니다...
Link:
  C:\Program Files (x86)\Microsoft Visual Studio 11.0\VC\bin\link.exe /ERRORREPORT:PROMPT /OUT:"C:\Users\김현진\Desktop\개발\개인프로젝트게임\게임\Debug\게임.exe" /INCREMENTAL /NOLOGO kernel32.lib user32.lib gdi32.lib winspool.lib comdlg32.lib advapi32.lib shell32.lib ole32.lib oleaut32.lib uuid.lib odbc32.lib odbccp32.lib /MANIFEST /MANIFESTUAC:"level='asInvoker' uiAccess='false'" /manifest:embed /DEBUG /PDB:"C:\Users\김현진\Desktop\개발\개인프로젝트게임\게임\Debug\게임.pdb" /SUBSYSTEM:WINDOWS /TLBID:1 /DYNAMICBASE /NXCOMPAT /IMPLIB:"C:\Users\김현진\Desktop\개발\개인프로젝트게임\게임\Debug\게임.lib" /MACHINE:X86 Debug\crush.obj
  Debug\dark.obj
  Debug\directX.obj
  Debug\loading.obj
  Debug\move.obj
  Debug\Setmap.obj
  Debug\test.obj
  Debug\obstacle.obj
  게임.vcxproj -> C:\Users\김현진\Desktop\개발\개인프로젝트게임\게임\Debug\게임.exe
"C:\Users\김현진\Desktop\개발\개인프로젝트게임\게임\게임\게임.vcxproj" 프로젝트를 빌드했습니다(Build 대상).

빌드했습니다.

경과 시간: 00:00:04.87
